<?xml version="1.0" encoding="UTF-8"?>
<!-- Generated by org.testng.reporters.JUnitReportReporter -->
<testsuite hostname="DESKTOP-DRTC6PB" failures="0" tests="4" name="com.seleniumwebdriver.TestNGGroupxml" time="0.024" errors="0" timestamp="2024-08-23T15:46:50 IST" skipped="0">
  <testcase classname="com.seleniumwebdriver.TestNGGroupxml" name="Yellow3" time="0.002"/>
  <system-out/>
  <testcase classname="com.seleniumwebdriver.TestNGGroupxml" name="Yellow1" time="0.019"/>
  <system-out/>
  <testcase classname="com.seleniumwebdriver.TestNGGroupxml" name="Yellow2" time="0.002"/>
  <system-out/>
  <testcase classname="com.seleniumwebdriver.TestNGGroupxml" name="YellowandOrange" time="0.001"/>
  <system-out/>
</testsuite> <!-- com.seleniumwebdriver.TestNGGroupxml -->
