<?xml version="1.0" encoding="UTF-8"?>
<!-- Generated by org.testng.reporters.JUnitReportReporter -->
<testsuite hostname="DESKTOP-DRTC6PB" failures="0" tests="1" name="com.seleniumwebdriver.TestNGBstackLoging" time="12.655" errors="0" timestamp="2024-08-23T15:16:02 IST" skipped="0">
  <testcase classname="com.seleniumwebdriver.TestNGBstackLoging" name="LoginAccount" time="12.655"/>
  <system-out/>
</testsuite> <!-- com.seleniumwebdriver.TestNGBstackLoging -->
