<?xml version="1.0" encoding="UTF-8"?>
<!-- Generated by org.testng.reporters.JUnitReportReporter -->
<testsuite hostname="DESKTOP-DRTC6PB" failures="0" tests="3" name="com.seleniumwebdriver.TestNGFaceBookLogin" time="10.558" errors="0" timestamp="2024-08-23T15:06:29 IST" skipped="0">
  <testcase classname="com.seleniumwebdriver.TestNGFaceBookLogin" name="login" time="7.167"/>
  <system-out/>
  <testcase classname="com.seleniumwebdriver.TestNGFaceBookLogin" name="password" time="1.175"/>
  <system-out/>
  <testcase classname="com.seleniumwebdriver.TestNGFaceBookLogin" name="username" time="2.216"/>
  <system-out/>
</testsuite> <!-- com.seleniumwebdriver.TestNGFaceBookLogin -->
