<?xml version="1.0" encoding="UTF-8"?>
<!-- Generated by org.testng.reporters.JUnitReportReporter -->
<testsuite hostname="DESKTOP-DRTC6PB" failures="0" tests="8" name="com.seleniumwebdriver.TestNGGroupxml" time="0.032" errors="0" timestamp="2024-08-27T13:54:20 IST" skipped="0">
  <testcase classname="com.seleniumwebdriver.TestNGGroupxml" name="Yellow1" time="0.002"/>
  <system-out/>
  <testcase classname="com.seleniumwebdriver.TestNGGroupxml" name="Yellow3" time="0.002"/>
  <system-out/>
  <testcase classname="com.seleniumwebdriver.TestNGGroupxml" name="Orange2" time="0.003"/>
  <system-out/>
  <testcase classname="com.seleniumwebdriver.TestNGGroupxml" name="Orange3" time="0.003"/>
  <system-out/>
  <testcase classname="com.seleniumwebdriver.TestNGGroupxml" name="Orange1" time="0.015"/>
  <system-out/>
  <testcase classname="com.seleniumwebdriver.TestNGGroupxml" name="Yellow2" time="0.002"/>
  <system-out/>
  <testcase classname="com.seleniumwebdriver.TestNGGroupxml" name="f" time="0.003"/>
  <system-out/>
  <testcase classname="com.seleniumwebdriver.TestNGGroupxml" name="YellowandOrange" time="0.002"/>
  <system-out/>
</testsuite> <!-- com.seleniumwebdriver.TestNGGroupxml -->
