<?xml version="1.0" encoding="UTF-8"?>
<!-- Generated by org.testng.reporters.JUnitReportReporter -->
<testsuite hostname="DESKTOP-DRTC6PB" failures="0" tests="1" name="com.seleniumwebdriver.TestNGBstackLoging" time="14.719" errors="0" timestamp="2024-08-27T13:23:06 IST" skipped="0">
  <testcase classname="com.seleniumwebdriver.TestNGBstackLoging" name="LoginAccount" time="14.719"/>
  <system-out/>
</testsuite> <!-- com.seleniumwebdriver.TestNGBstackLoging -->
